  PLJ.cpp
c:\users\michał\documents\visual studio 2015\projects\plj\plj\plj.cpp(31): error C2064: term does not evaluate to a function taking 0 arguments
c:\users\michał\documents\visual studio 2015\projects\plj\plj\plj.cpp(33): error C2059: syntax error: ';'
c:\users\michał\documents\visual studio 2015\projects\plj\plj\plj.cpp(34): error C2039: 'is': is not a member of 'std::basic_ifstream<char,std::char_traits<char>>'
  d:\programy\visual studio\vc\include\iosfwd(690): note: see declaration of 'std::basic_ifstream<char,std::char_traits<char>>'
c:\users\michał\documents\visual studio 2015\projects\plj\plj\plj.cpp(34): error C2228: left of '.open' must have class/struct/union
c:\users\michał\documents\visual studio 2015\projects\plj\plj\plj.cpp(38): error C2882: 'std': illegal use of namespace identifier in expression
c:\users\michał\documents\visual studio 2015\projects\plj\plj\plj.cpp(52): error C2059: syntax error: 'constant'
c:\users\michał\documents\visual studio 2015\projects\plj\plj\plj.cpp(66): error C2059: syntax error: 'else'
c:\users\michał\documents\visual studio 2015\projects\plj\plj\plj.cpp(67): error C2143: syntax error: missing ';' before '{'
c:\users\michał\documents\visual studio 2015\projects\plj\plj\plj.cpp(67): error C2447: '{': missing function header (old-style formal list?)
c:\users\michał\documents\visual studio 2015\projects\plj\plj\plj.cpp(70): error C3927: '->': trailing return type is not allowed after a non-function declarator
c:\users\michał\documents\visual studio 2015\projects\plj\plj\plj.cpp(70): error C3484: syntax error: expected '->' before the return type
c:\users\michał\documents\visual studio 2015\projects\plj\plj\plj.cpp(70): error C3613: missing return type after '->' ('int' assumed)
c:\users\michał\documents\visual studio 2015\projects\plj\plj\plj.cpp(70): error C4430: missing type specifier - int assumed. Note: C++ does not support default-int
c:\users\michał\documents\visual studio 2015\projects\plj\plj\plj.cpp(70): error C2146: syntax error: missing ';' before identifier 'close'
c:\users\michał\documents\visual studio 2015\projects\plj\plj\plj.cpp(71): error C2065: 'FileName': undeclared identifier
c:\users\michał\documents\visual studio 2015\projects\plj\plj\plj.cpp(71): error C2228: left of '.c_std' must have class/struct/union
  c:\users\michał\documents\visual studio 2015\projects\plj\plj\plj.cpp(71): note: type is 'unknown-type'
c:\users\michał\documents\visual studio 2015\projects\plj\plj\plj.cpp(71): error C4430: missing type specifier - int assumed. Note: C++ does not support default-int
c:\users\michał\documents\visual studio 2015\projects\plj\plj\plj.cpp(71): error C2086: 'int remove(const char *)': redefinition
  d:\programy\visual studio\vc\include\cstdio(48): note: see declaration of 'std::remove'
c:\users\michał\documents\visual studio 2015\projects\plj\plj\plj.cpp(72): error C2059: syntax error: 'return'
c:\users\michał\documents\visual studio 2015\projects\plj\plj\plj.cpp(73): error C2059: syntax error: '}'
c:\users\michał\documents\visual studio 2015\projects\plj\plj\plj.cpp(73): error C2143: syntax error: missing ';' before '}'
